0 silly argv { _: [ 'version' ], lernaVersion: '6.4.1', '$0': 'lerna' }
1 notice cli v6.4.1
2 verbose rootPath /Users/izhaong/izhaong/Project_me/zh-cli
3 info current version 0.0.0
4 silly isAnythingCommitted
5 verbose isAnythingCommitted 1
6 silly getCurrentBranch
7 verbose currentBranch master
8 silly remoteBranchExists
9 silly isBehindUpstream
10 silly isBehindUpstream master is behind origin/master by 0 commit(s) and ahead by 0
11 silly hasTags
12 verbose hasTags false
13 info Assuming all packages changed
14 verbose updated @zh-cli-dev/core
15 verbose updated @zh-cli-dev/utils
16 verbose git-describe undefined => "d72fca4"
17 silly git-describe parsed => {"refCount":"3","sha":"d72fca4","isDirty":false}
18 info execute Skipping releases
19 silly lifecycle No script for "preversion" in "root", continuing
20 silly lifecycle No script for "preversion" in "@zh-cli-dev/utils", continuing
21 verbose version @zh-cli-dev/utils has no lockfile. Skipping lockfile update.
22 silly lifecycle No script for "version" in "@zh-cli-dev/utils", continuing
23 silly lifecycle No script for "preversion" in "@zh-cli-dev/core", continuing
24 verbose version @zh-cli-dev/core has no lockfile. Skipping lockfile update.
25 silly lifecycle No script for "version" in "@zh-cli-dev/core", continuing
26 verbose version Updating root package-lock.json
27 error Error: Command failed with exit code 1: npm install --package-lock-only --ignore-scripts
27 error npm ERR! code E404
27 error npm ERR! 404 Not Found - GET https://registry.npmjs.org/@zh-cli-dev%2futils - Not found
27 error npm ERR! 404
27 error npm ERR! 404  '@zh-cli-dev/utils@^1.0.1' is not in this registry.
27 error npm ERR! 404
27 error npm ERR! 404 Note that you can also install from a
27 error npm ERR! 404 tarball, folder, http url, or git url.
27 error
27 error npm ERR! A complete log of this run can be found in:
27 error npm ERR!     /Users/izhaong/.npm/_logs/2023-01-19T14_17_58_571Z-debug-0.log
27 error     at makeError (/Users/izhaong/izhaong/Project_me/zh-cli/node_modules/execa/lib/error.js:60:11)
27 error     at handlePromise (/Users/izhaong/izhaong/Project_me/zh-cli/node_modules/execa/index.js:118:26)
27 error     at processTicksAndRejections (internal/process/task_queues.js:95:5)
27 error     at async Promise.all (index 0)
